<?xml version="1.0" encoding="UTF-8"?>
<!-- Generated by org.testng.reporters.JUnitReportReporter -->
<testsuite hostname="DESKTOP-HP03GQQ" failures="0" tests="2" name="Demo2.test2" time="0.023" errors="0" timestamp="2022-08-24T15:01:58 IST" skipped="0">
  <testcase classname="Demo2.test2" name="test2method2" time="0.002"/>
  <system-out/>
  <testcase classname="Demo2.test2" name="test2method1" time="0.021"/>
  <system-out/>
</testsuite> <!-- Demo2.test2 -->
