<?xml version="1.0" encoding="UTF-8"?>
<!-- Generated by org.testng.reporters.JUnitReportReporter -->
<testsuite hostname="DESKTOP-HP03GQQ" failures="0" tests="2" name="Demo1.test1" time="0.027" errors="0" timestamp="2022-08-24T12:35:24 IST" skipped="0">
  <testcase classname="Demo1.test1" name="test1method2" time="0.002"/>
  <system-out/>
  <testcase classname="Demo1.test1" name="test1method1" time="0.025"/>
  <system-out/>
</testsuite> <!-- Demo1.test1 -->
