<?xml version="1.0" encoding="UTF-8"?>
<!-- Generated by org.testng.reporters.JUnitReportReporter -->
<testsuite hostname="DESKTOP-HP03GQQ" failures="0" tests="1" name="Testcases.VerifyLoginTestCase" time="6.123" errors="0" timestamp="2022-09-16T18:41:38 IST" skipped="0">
  <testcase classname="Testcases.VerifyLoginTestCase" name="login" time="6.123"/>
  <system-out/>
</testsuite> <!-- Testcases.VerifyLoginTestCase -->
